{"name": "Verify section in Electronics product -- @1.3 ", "status": "broken", "statusDetails": {"message": "selenium.common.exceptions.NoSuchWindowException: Message: no such window: target window already closed\nfrom unknown error: web view not found\n  (Session info: chrome=107.0.5304.107)\n\n", "trace": "  File \"C:\\Users\\Public\\Python\\lib\\site-packages\\behave\\runner.py\", line 545, in run_hook\n    self.hooks[name](context, *args)\n  File \"features\\environment.py\", line 22, in after_step\n    allure.attach(context.driver.get_screenshot_as_png(), name='screenshot',\n  File \"C:\\Users\\Rudresh Tiwari\\AppData\\Roaming\\Python\\Python310\\site-packages\\selenium\\webdriver\\remote\\webdriver.py\", line 1064, in get_screenshot_as_png\n    return base64.b64decode(self.get_screenshot_as_base64().encode('ascii'))\n  File \"C:\\Users\\Rudresh Tiwari\\AppData\\Roaming\\Python\\Python310\\site-packages\\selenium\\webdriver\\remote\\webdriver.py\", line 1074, in get_screenshot_as_base64\n    return self.execute(Command.SCREENSHOT)['value']\n  File \"C:\\Users\\Rudresh Tiwari\\AppData\\Roaming\\Python\\Python310\\site-packages\\selenium\\webdriver\\remote\\webdriver.py\", line 321, in execute\n    self.error_handler.check_response(response)\n  File \"C:\\Users\\Rudresh Tiwari\\AppData\\Roaming\\Python\\Python310\\site-packages\\selenium\\webdriver\\remote\\errorhandler.py\", line 242, in check_response\n    raise exception_class(message, screen, stacktrace)\n"}, "steps": [{"name": "Given we navigate to Flipkart url", "status": "passed", "start": 1668352916629, "stop": 1668352947833}, {"name": "Then we type in the \"6266739954\" edit box", "status": "passed", "start": 1668352947833, "stop": 1668352950933}, {"name": "And we type in the \"Rudresh@123\" field", "status": "broken", "statusDetails": {"message": "selenium.common.exceptions.NoSuchWindowException: Message: no such window: target window already closed\nfrom unknown error: web view not found\n  (Session info: chrome=107.0.5304.107)\n\n", "trace": "  File \"C:\\Users\\Public\\Python\\lib\\site-packages\\behave\\runner.py\", line 545, in run_hook\n    self.hooks[name](context, *args)\n  File \"features\\environment.py\", line 22, in after_step\n    allure.attach(context.driver.get_screenshot_as_png(), name='screenshot',\n  File \"C:\\Users\\Rudresh Tiwari\\AppData\\Roaming\\Python\\Python310\\site-packages\\selenium\\webdriver\\remote\\webdriver.py\", line 1064, in get_screenshot_as_png\n    return base64.b64decode(self.get_screenshot_as_base64().encode('ascii'))\n  File \"C:\\Users\\Rudresh Tiwari\\AppData\\Roaming\\Python\\Python310\\site-packages\\selenium\\webdriver\\remote\\webdriver.py\", line 1074, in get_screenshot_as_base64\n    return self.execute(Command.SCREENSHOT)['value']\n  File \"C:\\Users\\Rudresh Tiwari\\AppData\\Roaming\\Python\\Python310\\site-packages\\selenium\\webdriver\\remote\\webdriver.py\", line 321, in execute\n    self.error_handler.check_response(response)\n  File \"C:\\Users\\Rudresh Tiwari\\AppData\\Roaming\\Python\\Python310\\site-packages\\selenium\\webdriver\\remote\\errorhandler.py\", line 242, in check_response\n    raise exception_class(message, screen, stacktrace)\n"}, "start": 1668352950933, "stop": 1668352953941}, {"name": "And we click on the login button", "status": "skipped", "start": 1668352959003, "stop": 1668352959003}, {"name": "Then type \"Laptop\" in searchbox", "status": "skipped", "start": 1668352959003, "stop": 1668352959003}, {"name": "And click on search button", "status": "skipped", "start": 1668352959003, "stop": 1668352959003}, {"name": "Then click on product name", "status": "skipped", "start": 1668352959003, "stop": 1668352959003}, {"name": "Then switch to new window", "status": "skipped", "start": 1668352959003, "stop": 1668352959003}, {"name": "Then check diffrent images of the product", "status": "skipped", "start": 1668352959003, "stop": 1668352959003}, {"name": "And Give \"450001\"", "status": "skipped", "start": 1668352959003, "stop": 1668352959003}, {"name": "And click on check", "status": "skipped", "start": 1668352959003, "stop": 1668352959003}, {"name": "Then click on wishlist", "status": "skipped", "start": 1668352959003, "stop": 1668352959003}, {"name": "Then click on read more in specifactions", "status": "skipped", "start": 1668352959003, "stop": 1668352959003}], "parameters": [{"name": "number", "value": "6266739954"}, {"name": "password", "value": "Rudresh@123"}, {"name": "search", "value": "Laptop"}, {"name": "pincode", "value": "450001"}], "start": 1668352914573, "stop": 1668352959003, "uuid": "202740ed-13a8-47b4-a424-ce3eaf9cc725", "historyId": "c90b021baca25bddf7e9b16ff05daffd", "fullName": "Electronics product: Verify section in Electronics product", "labels": [{"name": "severity", "value": "normal"}, {"name": "feature", "value": "Electronics product"}, {"name": "framework", "value": "behave"}, {"name": "language", "value": "cpython3"}]}